<?xml version="1.0" encoding="UTF-8"?>
<testsuites name="logowanie" time="75.525" tests="6" failures="2" errors="0">
   <testsuite name="logowanie" tests="6" failures="2" errors="0" time="75.525" skipped="0" timestamp="2021-12-22 00:24:24" hostname="ASUS - N551JK" id="Test Suites/logowanie">
      <properties>
         <property name="deviceName" value=""/>
         <property name="devicePlatform" value=""/>
         <property name="logFolder" value="C:\\Users\\ASUS\\git\\lab_WSB\\Reports\\20211222_002420\\logowanie\\20211222_002420"/>
         <property name="logFiles" value="C:\\Users\\ASUS\\git\\lab_WSB\\Reports\\20211222_002420\\logowanie\\20211222_002420\\execution0.log"/>
         <property name="attachments" value=""/>
         <property name="hostName" value="ASUS - N551JK"/>
         <property name="os" value="Windows 10 64bit"/>
         <property name="katalonVersion" value="8.1.0.208"/>
         <property name="browser" value="Chrome 96.0.4664.110"/>
         <property name="hostAddress" value="192.168.1.203"/>
         <property name="sessionId" value="96c102a475c189abc07dcf9861950358"/>
         <property name="seleniumVersion" value="3.141.59"/>
         <property name="proxyInformation" value="ProxyInformation { proxyOption=NO_PROXY, proxyServerType=HTTP, username=, password=********, proxyServerAddress=, proxyServerPort=0, executionList=&quot;&quot;, isApplyToDesiredCapabilities=true }"/>
         <property name="platform" value="Windows 10"/>
      </properties>
      <testcase name="Test Cases/komunikator testy logowanie/L3" time="10.465" classname="Test Cases/komunikator testy logowanie/L3" status="FAILED">
         <failure type="FAILED" message="Test Cases/komunikator testy logowanie/L3 FAILED.
Reason:
com.kms.katalon.core.exception.StepFailedException: Actual text 'PSTO webMessenger' and expected text '.*Zalogowano' are not matched using regular expression
	at com.kms.katalon.core.keyword.builtin.VerifyMatchKeyword$_verifyMatch_closure1.doCall(VerifyMatchKeyword.groovy:57)
	at com.kms.katalon.core.keyword.builtin.VerifyMatchKeyword$_verifyMatch_closure1.call(VerifyMatchKeyword.groovy)
	at com.kms.katalon.core.keyword.internal.KeywordMain.runKeyword(KeywordMain.groovy:74)
	at com.kms.katalon.core.keyword.builtin.VerifyMatchKeyword.verifyMatch(VerifyMatchKeyword.groovy:60)
	at com.kms.katalon.core.keyword.builtin.VerifyMatchKeyword.execute(VerifyMatchKeyword.groovy:45)
	at com.kms.katalon.core.keyword.internal.KeywordExecutor.executeKeywordForPlatform(KeywordExecutor.groovy:74)
	at com.kms.katalon.core.keyword.BuiltinKeywords.verifyMatch(BuiltinKeywords.groovy:73)
	at L3.run(L3:40)
	at com.kms.katalon.core.main.ScriptEngine.run(ScriptEngine.java:194)
	at com.kms.katalon.core.main.ScriptEngine.runScriptAsRawText(ScriptEngine.java:119)
	at com.kms.katalon.core.main.TestCaseExecutor.runScript(TestCaseExecutor.java:430)
	at com.kms.katalon.core.main.TestCaseExecutor.doExecute(TestCaseExecutor.java:421)
	at com.kms.katalon.core.main.TestCaseExecutor.processExecutionPhase(TestCaseExecutor.java:400)
	at com.kms.katalon.core.main.TestCaseExecutor.accessMainPhase(TestCaseExecutor.java:392)
	at com.kms.katalon.core.main.TestCaseExecutor.execute(TestCaseExecutor.java:273)
	at com.kms.katalon.core.main.TestSuiteExecutor.accessTestCaseMainPhase(TestSuiteExecutor.java:202)
	at com.kms.katalon.core.main.TestSuiteExecutor.accessTestSuiteMainPhase(TestSuiteExecutor.java:164)
	at com.kms.katalon.core.main.TestSuiteExecutor.execute(TestSuiteExecutor.java:105)
	at com.kms.katalon.core.main.TestCaseMain.startTestSuite(TestCaseMain.java:185)
	at com.kms.katalon.core.main.TestCaseMain$startTestSuite$0.call(Unknown Source)
	at TempTestSuite1640129060085.run(TempTestSuite1640129060085.groovy:36)
"/>
         <system-out><![CDATA[2021-12-22 00:24:25 - [TEST_CASE][FAILED] - Test Cases/komunikator testy logowanie/L3: Test Cases/komunikator testy logowanie/L3 FAILED.
Reason:
com.kms.katalon.core.exception.StepFailedException: Actual text 'PSTO webMessenger' and expected text '.*Zalogowano' are not matched using regular expression
	at com.kms.katalon.core.keyword.builtin.VerifyMatchKeyword$_verifyMatch_closure1.doCall(VerifyMatchKeyword.groovy:57)
	at com.kms.katalon.core.keyword.builtin.VerifyMatchKeyword$_verifyMatch_closure1.call(VerifyMatchKeyword.groovy)
	at com.kms.katalon.core.keyword.internal.KeywordMain.runKeyword(KeywordMain.groovy:74)
	at com.kms.katalon.core.keyword.builtin.VerifyMatchKeyword.verifyMatch(VerifyMatchKeyword.groovy:60)
	at com.kms.katalon.core.keyword.builtin.VerifyMatchKeyword.execute(VerifyMatchKeyword.groovy:45)
	at com.kms.katalon.core.keyword.internal.KeywordExecutor.executeKeywordForPlatform(KeywordExecutor.groovy:74)
	at com.kms.katalon.core.keyword.BuiltinKeywords.verifyMatch(BuiltinKeywords.groovy:73)
	at L3.run(L3:40)
	at com.kms.katalon.core.main.ScriptEngine.run(ScriptEngine.java:194)
	at com.kms.katalon.core.main.ScriptEngine.runScriptAsRawText(ScriptEngine.java:119)
	at com.kms.katalon.core.main.TestCaseExecutor.runScript(TestCaseExecutor.java:430)
	at com.kms.katalon.core.main.TestCaseExecutor.doExecute(TestCaseExecutor.java:421)
	at com.kms.katalon.core.main.TestCaseExecutor.processExecutionPhase(TestCaseExecutor.java:400)
	at com.kms.katalon.core.main.TestCaseExecutor.accessMainPhase(TestCaseExecutor.java:392)
	at com.kms.katalon.core.main.TestCaseExecutor.execute(TestCaseExecutor.java:273)
	at com.kms.katalon.core.main.TestSuiteExecutor.accessTestCaseMainPhase(TestSuiteExecutor.java:202)
	at com.kms.katalon.core.main.TestSuiteExecutor.accessTestSuiteMainPhase(TestSuiteExecutor.java:164)
	at com.kms.katalon.core.main.TestSuiteExecutor.execute(TestSuiteExecutor.java:105)
	at com.kms.katalon.core.main.TestCaseMain.startTestSuite(TestCaseMain.java:185)
	at com.kms.katalon.core.main.TestCaseMain$startTestSuite$0.call(Unknown Source)
	at TempTestSuite1640129060085.run(TempTestSuite1640129060085.groovy:36)


2021-12-22 00:24:26 - [TEST_STEP][PASSED] - openBrowser(""): Browser is opened with url: ''

2021-12-22 00:24:26 - [MESSAGE][INFO] - Starting 'Chrome' driver

2021-12-22 00:24:26 - [MESSAGE][INFO] - Action delay is set to 0 milliseconds

2021-12-22 00:24:30 - [MESSAGE][PASSED] - Browser is opened with url: ''

2021-12-22 00:24:30 - [TEST_STEP][PASSED] - maximizeWindow(): Current window maximized

2021-12-22 00:24:30 - [MESSAGE][PASSED] - Current window maximized

2021-12-22 00:24:30 - [TEST_STEP][PASSED] - navigateToUrl("http://kmg.hcm.pl/testowanie/index.html"): Navigate to 'http://kmg.hcm.pl/testowanie/index.html' successfully

2021-12-22 00:24:32 - [MESSAGE][PASSED] - Navigate to 'http://kmg.hcm.pl/testowanie/index.html' successfully

2021-12-22 00:24:32 - [TEST_STEP][PASSED] - setText(findTestObject("Page_PSTO webMessenger/input_Zarejestruj konto_userLogin"), "ewelinaholderna"): Text 'ewelinaholderna' is set on object 'Object Repository/Page_PSTO webMessenger/input_Zarejestruj konto_userLogin'

2021-12-22 00:24:33 - [MESSAGE][PASSED] - Text 'ewelinaholderna' is set on object 'Object Repository/Page_PSTO webMessenger/input_Zarejestruj konto_userLogin'

2021-12-22 00:24:33 - [TEST_STEP][PASSED] - setEncryptedText(findTestObject("Page_PSTO webMessenger/input_Zarejestruj konto_passwordLogin"), "aeHFOx8jV/A="): Text ****** has been set on object 'Object Repository/Page_PSTO webMessenger/input_Zarejestruj konto_passwordLogin'

2021-12-22 00:24:33 - [MESSAGE][PASSED] - Text ****** has been set on object 'Object Repository/Page_PSTO webMessenger/input_Zarejestruj konto_passwordLogin'

2021-12-22 00:24:33 - [TEST_STEP][PASSED] - scrollToElement(findTestObject("Page_PSTO webMessenger/input_Zarejestruj konto_login"), 3): Scroll to object 'Object Repository/Page_PSTO webMessenger/input_Zarejestruj konto_login' successfully

2021-12-22 00:24:34 - [MESSAGE][PASSED] - Scroll to object 'Object Repository/Page_PSTO webMessenger/input_Zarejestruj konto_login' successfully

2021-12-22 00:24:34 - [TEST_STEP][PASSED] - waitForElementClickable(findTestObject("Page_PSTO webMessenger/input_Zarejestruj konto_login"), 3): Object 'Object Repository/Page_PSTO webMessenger/input_Zarejestruj konto_login' is clickable

2021-12-22 00:24:35 - [MESSAGE][PASSED] - Object 'Object Repository/Page_PSTO webMessenger/input_Zarejestruj konto_login' is clickable

2021-12-22 00:24:35 - [TEST_STEP][PASSED] - click(findTestObject("Page_PSTO webMessenger/input_Zarejestruj konto_login")): Object: 'Object Repository/Page_PSTO webMessenger/input_Zarejestruj konto_login' is clicked on

2021-12-22 00:24:35 - [MESSAGE][PASSED] - Object: 'Object Repository/Page_PSTO webMessenger/input_Zarejestruj konto_login' is clicked on

2021-12-22 00:24:35 - [TEST_STEP][PASSED] - waitForPageLoad(2): Wait for page load successfully

2021-12-22 00:24:35 - [MESSAGE][PASSED] - Wait for page load successfully

2021-12-22 00:24:35 - [TEST_STEP][PASSED] - tytul = getWindowTitle(): Current window's title is: 'PSTO webMessenger'

2021-12-22 00:24:35 - [MESSAGE][PASSED] - Current window's title is: 'PSTO webMessenger'

2021-12-22 00:24:35 - [TEST_STEP][FAILED] - verifyMatch(tytul, ".*Zalogowano", true): Unable to verify match between actual text 'PSTO webMessenger' and expected text '.*Zalogowano' using regular expression (Root cause: com.kms.katalon.core.exception.StepFailedException: Actual text 'PSTO webMessenger' and expected text '.*Zalogowano' are not matched using regular expression
	at com.kms.katalon.core.keyword.builtin.VerifyMatchKeyword$_verifyMatch_closure1.doCall(VerifyMatchKeyword.groovy:57)
	at com.kms.katalon.core.keyword.builtin.VerifyMatchKeyword$_verifyMatch_closure1.call(VerifyMatchKeyword.groovy)
	at com.kms.katalon.core.keyword.internal.KeywordMain.runKeyword(KeywordMain.groovy:74)
	at com.kms.katalon.core.keyword.builtin.VerifyMatchKeyword.verifyMatch(VerifyMatchKeyword.groovy:60)
	at com.kms.katalon.core.keyword.builtin.VerifyMatchKeyword.execute(VerifyMatchKeyword.groovy:45)
	at com.kms.katalon.core.keyword.internal.KeywordExecutor.executeKeywordForPlatform(KeywordExecutor.groovy:74)
	at com.kms.katalon.core.keyword.BuiltinKeywords.verifyMatch(BuiltinKeywords.groovy:73)
	at L3.run(L3:40)
	at com.kms.katalon.core.main.ScriptEngine.run(ScriptEngine.java:194)
	at com.kms.katalon.core.main.ScriptEngine.runScriptAsRawText(ScriptEngine.java:119)
	at com.kms.katalon.core.main.TestCaseExecutor.runScript(TestCaseExecutor.java:430)
	at com.kms.katalon.core.main.TestCaseExecutor.doExecute(TestCaseExecutor.java:421)
	at com.kms.katalon.core.main.TestCaseExecutor.processExecutionPhase(TestCaseExecutor.java:400)
	at com.kms.katalon.core.main.TestCaseExecutor.accessMainPhase(TestCaseExecutor.java:392)
	at com.kms.katalon.core.main.TestCaseExecutor.execute(TestCaseExecutor.java:273)
	at com.kms.katalon.core.main.TestSuiteExecutor.accessTestCaseMainPhase(TestSuiteExecutor.java:202)
	at com.kms.katalon.core.main.TestSuiteExecutor.accessTestSuiteMainPhase(TestSuiteExecutor.java:164)
	at com.kms.katalon.core.main.TestSuiteExecutor.execute(TestSuiteExecutor.java:105)
	at com.kms.katalon.core.main.TestCaseMain.startTestSuite(TestCaseMain.java:185)
	at com.kms.katalon.core.main.TestCaseMain$startTestSuite$0.call(Unknown Source)
	at TempTestSuite1640129060085.run(TempTestSuite1640129060085.groovy:36)
)

2021-12-22 00:24:35 - [MESSAGE][FAILED] - Unable to verify match between actual text 'PSTO webMessenger' and expected text '.*Zalogowano' using regular expression (Root cause: com.kms.katalon.core.exception.StepFailedException: Actual text 'PSTO webMessenger' and expected text '.*Zalogowano' are not matched using regular expression
	at com.kms.katalon.core.keyword.builtin.VerifyMatchKeyword$_verifyMatch_closure1.doCall(VerifyMatchKeyword.groovy:57)
	at com.kms.katalon.core.keyword.builtin.VerifyMatchKeyword$_verifyMatch_closure1.call(VerifyMatchKeyword.groovy)
	at com.kms.katalon.core.keyword.internal.KeywordMain.runKeyword(KeywordMain.groovy:74)
	at com.kms.katalon.core.keyword.builtin.VerifyMatchKeyword.verifyMatch(VerifyMatchKeyword.groovy:60)
	at com.kms.katalon.core.keyword.builtin.VerifyMatchKeyword.execute(VerifyMatchKeyword.groovy:45)
	at com.kms.katalon.core.keyword.internal.KeywordExecutor.executeKeywordForPlatform(KeywordExecutor.groovy:74)
	at com.kms.katalon.core.keyword.BuiltinKeywords.verifyMatch(BuiltinKeywords.groovy:73)
	at L3.run(L3:40)
	at com.kms.katalon.core.main.ScriptEngine.run(ScriptEngine.java:194)
	at com.kms.katalon.core.main.ScriptEngine.runScriptAsRawText(ScriptEngine.java:119)
	at com.kms.katalon.core.main.TestCaseExecutor.runScript(TestCaseExecutor.java:430)
	at com.kms.katalon.core.main.TestCaseExecutor.doExecute(TestCaseExecutor.java:421)
	at com.kms.katalon.core.main.TestCaseExecutor.processExecutionPhase(TestCaseExecutor.java:400)
	at com.kms.katalon.core.main.TestCaseExecutor.accessMainPhase(TestCaseExecutor.java:392)
	at com.kms.katalon.core.main.TestCaseExecutor.execute(TestCaseExecutor.java:273)
	at com.kms.katalon.core.main.TestSuiteExecutor.accessTestCaseMainPhase(TestSuiteExecutor.java:202)
	at com.kms.katalon.core.main.TestSuiteExecutor.accessTestSuiteMainPhase(TestSuiteExecutor.java:164)
	at com.kms.katalon.core.main.TestSuiteExecutor.execute(TestSuiteExecutor.java:105)
	at com.kms.katalon.core.main.TestCaseMain.startTestSuite(TestCaseMain.java:185)
	at com.kms.katalon.core.main.TestCaseMain$startTestSuite$0.call(Unknown Source)
	at TempTestSuite1640129060085.run(TempTestSuite1640129060085.groovy:36)
)]]></system-out>
         <system-err><![CDATA[2021-12-22 00:24:25 - [TEST_CASE][FAILED] - Test Cases/komunikator testy logowanie/L3: Test Cases/komunikator testy logowanie/L3 FAILED.
Reason:
com.kms.katalon.core.exception.StepFailedException: Actual text 'PSTO webMessenger' and expected text '.*Zalogowano' are not matched using regular expression
	at com.kms.katalon.core.keyword.builtin.VerifyMatchKeyword$_verifyMatch_closure1.doCall(VerifyMatchKeyword.groovy:57)
	at com.kms.katalon.core.keyword.builtin.VerifyMatchKeyword$_verifyMatch_closure1.call(VerifyMatchKeyword.groovy)
	at com.kms.katalon.core.keyword.internal.KeywordMain.runKeyword(KeywordMain.groovy:74)
	at com.kms.katalon.core.keyword.builtin.VerifyMatchKeyword.verifyMatch(VerifyMatchKeyword.groovy:60)
	at com.kms.katalon.core.keyword.builtin.VerifyMatchKeyword.execute(VerifyMatchKeyword.groovy:45)
	at com.kms.katalon.core.keyword.internal.KeywordExecutor.executeKeywordForPlatform(KeywordExecutor.groovy:74)
	at com.kms.katalon.core.keyword.BuiltinKeywords.verifyMatch(BuiltinKeywords.groovy:73)
	at L3.run(L3:40)
	at com.kms.katalon.core.main.ScriptEngine.run(ScriptEngine.java:194)
	at com.kms.katalon.core.main.ScriptEngine.runScriptAsRawText(ScriptEngine.java:119)
	at com.kms.katalon.core.main.TestCaseExecutor.runScript(TestCaseExecutor.java:430)
	at com.kms.katalon.core.main.TestCaseExecutor.doExecute(TestCaseExecutor.java:421)
	at com.kms.katalon.core.main.TestCaseExecutor.processExecutionPhase(TestCaseExecutor.java:400)
	at com.kms.katalon.core.main.TestCaseExecutor.accessMainPhase(TestCaseExecutor.java:392)
	at com.kms.katalon.core.main.TestCaseExecutor.execute(TestCaseExecutor.java:273)
	at com.kms.katalon.core.main.TestSuiteExecutor.accessTestCaseMainPhase(TestSuiteExecutor.java:202)
	at com.kms.katalon.core.main.TestSuiteExecutor.accessTestSuiteMainPhase(TestSuiteExecutor.java:164)
	at com.kms.katalon.core.main.TestSuiteExecutor.execute(TestSuiteExecutor.java:105)
	at com.kms.katalon.core.main.TestCaseMain.startTestSuite(TestCaseMain.java:185)
	at com.kms.katalon.core.main.TestCaseMain$startTestSuite$0.call(Unknown Source)
	at TempTestSuite1640129060085.run(TempTestSuite1640129060085.groovy:36)]]></system-err>
      </testcase>
      <testcase name="Test Cases/komunikator testy logowanie/L4" time="9.749" classname="Test Cases/komunikator testy logowanie/L4" status="PASSED">
         <system-out><![CDATA[2021-12-22 00:24:35 - [TEST_CASE][PASSED] - Test Cases/komunikator testy logowanie/L4: Test Cases/komunikator testy logowanie/L4

2021-12-22 00:24:37 - [TEST_STEP][PASSED] - openBrowser(""): Browser is opened with url: ''

2021-12-22 00:24:37 - [MESSAGE][WARNING] - A browser is already opened. Closing browser and opening a new one

2021-12-22 00:24:38 - [MESSAGE][INFO] - Starting 'Chrome' driver

2021-12-22 00:24:38 - [MESSAGE][INFO] - Action delay is set to 0 milliseconds

2021-12-22 00:24:39 - [MESSAGE][PASSED] - Browser is opened with url: ''

2021-12-22 00:24:39 - [TEST_STEP][PASSED] - maximizeWindow(): Current window maximized

2021-12-22 00:24:40 - [MESSAGE][PASSED] - Current window maximized

2021-12-22 00:24:40 - [TEST_STEP][PASSED] - navigateToUrl("http://kmg.hcm.pl/testowanie/index.html"): Navigate to 'http://kmg.hcm.pl/testowanie/index.html' successfully

2021-12-22 00:24:41 - [MESSAGE][PASSED] - Navigate to 'http://kmg.hcm.pl/testowanie/index.html' successfully

2021-12-22 00:24:41 - [TEST_STEP][PASSED] - setText(findTestObject("Page_PSTO webMessenger/input_Zarejestruj konto_userLogin"), "ewelinaholderna"): Text 'ewelinaholderna' is set on object 'Object Repository/Page_PSTO webMessenger/input_Zarejestruj konto_userLogin'

2021-12-22 00:24:42 - [MESSAGE][PASSED] - Text 'ewelinaholderna' is set on object 'Object Repository/Page_PSTO webMessenger/input_Zarejestruj konto_userLogin'

2021-12-22 00:24:42 - [TEST_STEP][PASSED] - setEncryptedText(findTestObject("Page_PSTO webMessenger/input_Zarejestruj konto_passwordLogin"), "zMDjEGXuMr8="): Text ****** has been set on object 'Object Repository/Page_PSTO webMessenger/input_Zarejestruj konto_passwordLogin'

2021-12-22 00:24:42 - [MESSAGE][PASSED] - Text ****** has been set on object 'Object Repository/Page_PSTO webMessenger/input_Zarejestruj konto_passwordLogin'

2021-12-22 00:24:42 - [TEST_STEP][PASSED] - scrollToElement(findTestObject("Page_PSTO webMessenger/input_Zarejestruj konto_login"), 3): Scroll to object 'Object Repository/Page_PSTO webMessenger/input_Zarejestruj konto_login' successfully

2021-12-22 00:24:43 - [MESSAGE][PASSED] - Scroll to object 'Object Repository/Page_PSTO webMessenger/input_Zarejestruj konto_login' successfully

2021-12-22 00:24:43 - [TEST_STEP][PASSED] - waitForElementClickable(findTestObject("Page_PSTO webMessenger/input_Zarejestruj konto_passwordLogin"), 3): Object 'Object Repository/Page_PSTO webMessenger/input_Zarejestruj konto_passwordLogin' is clickable

2021-12-22 00:24:43 - [MESSAGE][PASSED] - Object 'Object Repository/Page_PSTO webMessenger/input_Zarejestruj konto_passwordLogin' is clickable

2021-12-22 00:24:43 - [TEST_STEP][PASSED] - click(findTestObject("Page_PSTO webMessenger/input_Zarejestruj konto_login")): Object: 'Object Repository/Page_PSTO webMessenger/input_Zarejestruj konto_login' is clicked on

2021-12-22 00:24:44 - [MESSAGE][PASSED] - Object: 'Object Repository/Page_PSTO webMessenger/input_Zarejestruj konto_login' is clicked on

2021-12-22 00:24:44 - [TEST_STEP][PASSED] - waitForAlert(2): Alert is present after 2 second(s).

2021-12-22 00:24:44 - [MESSAGE][PASSED] - Alert is present after 2 second(s).

2021-12-22 00:24:44 - [TEST_STEP][PASSED] - alert_text = getAlertText(): Get alert text successfully: 'Podano błędną nazwę użytkownika lub hasło!'

2021-12-22 00:24:44 - [MESSAGE][PASSED] - Get alert text successfully: 'Podano błędną nazwę użytkownika lub hasło!'

2021-12-22 00:24:44 - [TEST_STEP][PASSED] - verifyEqual(alert_text, "Podano błędną nazwę użytkownika lub hasło!"): Actual object 'Podano błędną nazwę użytkownika lub hasło!' and expected object 'Podano błędną nazwę użytkownika lub hasło!' are equal

2021-12-22 00:24:44 - [MESSAGE][PASSED] - Actual object 'Podano błędną nazwę użytkownika lub hasło!' and expected object 'Podano błędną nazwę użytkownika lub hasło!' are equal

2021-12-22 00:24:44 - [TEST_STEP][PASSED] - closeBrowser(): Browser is closed

2021-12-22 00:24:45 - [MESSAGE][PASSED] - Browser is closed]]></system-out>
         <system-err><![CDATA[]]></system-err>
      </testcase>
      <testcase name="Test Cases/komunikator testy logowanie/L5" time="7.767" classname="Test Cases/komunikator testy logowanie/L5" status="PASSED">
         <system-out><![CDATA[2021-12-22 00:24:45 - [TEST_CASE][PASSED] - Test Cases/komunikator testy logowanie/L5: Test Cases/komunikator testy logowanie/L5

2021-12-22 00:24:46 - [TEST_STEP][PASSED] - openBrowser(""): Browser is opened with url: ''

2021-12-22 00:24:46 - [MESSAGE][INFO] - Starting 'Chrome' driver

2021-12-22 00:24:46 - [MESSAGE][INFO] - Action delay is set to 0 milliseconds

2021-12-22 00:24:48 - [MESSAGE][PASSED] - Browser is opened with url: ''

2021-12-22 00:24:48 - [TEST_STEP][PASSED] - maximizeWindow(): Current window maximized

2021-12-22 00:24:48 - [MESSAGE][PASSED] - Current window maximized

2021-12-22 00:24:48 - [TEST_STEP][PASSED] - navigateToUrl("http://kmg.hcm.pl/testowanie/index.html"): Navigate to 'http://kmg.hcm.pl/testowanie/index.html' successfully

2021-12-22 00:24:50 - [MESSAGE][PASSED] - Navigate to 'http://kmg.hcm.pl/testowanie/index.html' successfully

2021-12-22 00:24:50 - [TEST_STEP][PASSED] - setText(findTestObject("Page_PSTO webMessenger/input_Zarejestruj konto_userLogin"), "ewelinaholderna"): Text 'ewelinaholderna' is set on object 'Object Repository/Page_PSTO webMessenger/input_Zarejestruj konto_userLogin'

2021-12-22 00:24:50 - [MESSAGE][PASSED] - Text 'ewelinaholderna' is set on object 'Object Repository/Page_PSTO webMessenger/input_Zarejestruj konto_userLogin'

2021-12-22 00:24:50 - [TEST_STEP][PASSED] - setText(findTestObject("Page_PSTO webMessenger/input_Zarejestruj konto_passwordLogin"), ""): Text '' is set on object 'Object Repository/Page_PSTO webMessenger/input_Zarejestruj konto_passwordLogin'

2021-12-22 00:24:51 - [MESSAGE][PASSED] - Text '' is set on object 'Object Repository/Page_PSTO webMessenger/input_Zarejestruj konto_passwordLogin'

2021-12-22 00:24:51 - [TEST_STEP][PASSED] - click(findTestObject("Page_PSTO webMessenger/input_Zarejestruj konto_login")): Object: 'Object Repository/Page_PSTO webMessenger/input_Zarejestruj konto_login' is clicked on

2021-12-22 00:24:51 - [MESSAGE][PASSED] - Object: 'Object Repository/Page_PSTO webMessenger/input_Zarejestruj konto_login' is clicked on

2021-12-22 00:24:51 - [TEST_STEP][PASSED] - waitForAlert(2): Alert is present after 2 second(s).

2021-12-22 00:24:52 - [MESSAGE][PASSED] - Alert is present after 2 second(s).

2021-12-22 00:24:52 - [TEST_STEP][PASSED] - alert_text = getAlertText(): Get alert text successfully: 'Podano błędną nazwę użytkownika lub hasło!'

2021-12-22 00:24:52 - [MESSAGE][PASSED] - Get alert text successfully: 'Podano błędną nazwę użytkownika lub hasło!'

2021-12-22 00:24:52 - [TEST_STEP][PASSED] - verifyEqual(alert_text, "Podano błędną nazwę użytkownika lub hasło!"): Actual object 'Podano błędną nazwę użytkownika lub hasło!' and expected object 'Podano błędną nazwę użytkownika lub hasło!' are equal

2021-12-22 00:24:52 - [MESSAGE][PASSED] - Actual object 'Podano błędną nazwę użytkownika lub hasło!' and expected object 'Podano błędną nazwę użytkownika lub hasło!' are equal

2021-12-22 00:24:52 - [TEST_STEP][PASSED] - closeBrowser(): Browser is closed

2021-12-22 00:24:53 - [MESSAGE][PASSED] - Browser is closed]]></system-out>
         <system-err><![CDATA[]]></system-err>
      </testcase>
      <testcase name="Test Cases/komunikator testy logowanie/L7" time="7.627" classname="Test Cases/komunikator testy logowanie/L7" status="PASSED">
         <system-out><![CDATA[2021-12-22 00:24:53 - [TEST_CASE][PASSED] - Test Cases/komunikator testy logowanie/L7: Test Cases/komunikator testy logowanie/L7

2021-12-22 00:24:54 - [TEST_STEP][PASSED] - openBrowser(""): Browser is opened with url: ''

2021-12-22 00:24:54 - [MESSAGE][INFO] - Starting 'Chrome' driver

2021-12-22 00:24:54 - [MESSAGE][INFO] - Action delay is set to 0 milliseconds

2021-12-22 00:24:55 - [MESSAGE][PASSED] - Browser is opened with url: ''

2021-12-22 00:24:55 - [TEST_STEP][PASSED] - maximizeWindow(): Current window maximized

2021-12-22 00:24:56 - [MESSAGE][PASSED] - Current window maximized

2021-12-22 00:24:56 - [TEST_STEP][PASSED] - navigateToUrl("http://kmg.hcm.pl/testowanie/index.html"): Navigate to 'http://kmg.hcm.pl/testowanie/index.html' successfully

2021-12-22 00:24:57 - [MESSAGE][PASSED] - Navigate to 'http://kmg.hcm.pl/testowanie/index.html' successfully

2021-12-22 00:24:57 - [TEST_STEP][PASSED] - setText(findTestObject("Page_PSTO webMessenger/input_Zarejestruj konto_userLogin"), "ewelinaholderna"): Text 'ewelinaholderna' is set on object 'Object Repository/Page_PSTO webMessenger/input_Zarejestruj konto_userLogin'

2021-12-22 00:24:58 - [MESSAGE][PASSED] - Text 'ewelinaholderna' is set on object 'Object Repository/Page_PSTO webMessenger/input_Zarejestruj konto_userLogin'

2021-12-22 00:24:58 - [TEST_STEP][PASSED] - setEncryptedText(findTestObject("Page_PSTO webMessenger/input_Zarejestruj konto_passwordLogin"), "aeHFOx8jV/A="): Text ****** has been set on object 'Object Repository/Page_PSTO webMessenger/input_Zarejestruj konto_passwordLogin'

2021-12-22 00:24:58 - [MESSAGE][PASSED] - Text ****** has been set on object 'Object Repository/Page_PSTO webMessenger/input_Zarejestruj konto_passwordLogin'

2021-12-22 00:24:58 - [TEST_STEP][PASSED] - click(findTestObject("Page_PSTO webMessenger/input_Zarejestruj konto_login")): Object: 'Object Repository/Page_PSTO webMessenger/input_Zarejestruj konto_login' is clicked on

2021-12-22 00:24:59 - [MESSAGE][PASSED] - Object: 'Object Repository/Page_PSTO webMessenger/input_Zarejestruj konto_login' is clicked on

2021-12-22 00:24:59 - [TEST_STEP][PASSED] - podswietlona_historia_rozmow = getCSSValue(findTestObject("Page_PSTO webMessenger - Zalogowano/img_Zarejestruj konto_chat"), "opacity"): Get CSS 'opacity' value on 'Object Repository/Page_PSTO webMessenger - Zalogowano/img_Zarejestruj konto_chat' successfully: '1'.

2021-12-22 00:25:00 - [MESSAGE][PASSED] - Get CSS 'opacity' value on 'Object Repository/Page_PSTO webMessenger - Zalogowano/img_Zarejestruj konto_chat' successfully: '1'.

2021-12-22 00:25:00 - [TEST_STEP][PASSED] - verifyMatch(podswietlona_historia_rozmow, "1", true): Actual text '1' and expected text '1' are matched  using regular expression

2021-12-22 00:25:00 - [MESSAGE][PASSED] - Actual text '1' and expected text '1' are matched  using regular expression

2021-12-22 00:25:00 - [TEST_STEP][PASSED] - closeBrowser(): Browser is closed

2021-12-22 00:25:01 - [MESSAGE][PASSED] - Browser is closed]]></system-out>
         <system-err><![CDATA[]]></system-err>
      </testcase>
      <testcase name="Test Cases/komunikator testy logowanie/L8" time="18.752" classname="Test Cases/komunikator testy logowanie/L8" status="PASSED">
         <system-out><![CDATA[2021-12-22 00:25:01 - [TEST_CASE][PASSED] - Test Cases/komunikator testy logowanie/L8: Test Cases/komunikator testy logowanie/L8

2021-12-22 00:25:01 - [TEST_STEP][PASSED] - openBrowser(""): Browser is opened with url: ''

2021-12-22 00:25:01 - [MESSAGE][INFO] - Starting 'Chrome' driver

2021-12-22 00:25:01 - [MESSAGE][INFO] - Action delay is set to 0 milliseconds

2021-12-22 00:25:03 - [MESSAGE][PASSED] - Browser is opened with url: ''

2021-12-22 00:25:03 - [TEST_STEP][PASSED] - maximizeWindow(): Current window maximized

2021-12-22 00:25:03 - [MESSAGE][PASSED] - Current window maximized

2021-12-22 00:25:03 - [TEST_STEP][PASSED] - navigateToUrl("http://kmg.hcm.pl/testowanie/index.html"): Navigate to 'http://kmg.hcm.pl/testowanie/index.html' successfully

2021-12-22 00:25:05 - [MESSAGE][PASSED] - Navigate to 'http://kmg.hcm.pl/testowanie/index.html' successfully

2021-12-22 00:25:05 - [TEST_STEP][PASSED] - setText(findTestObject("Page_PSTO webMessenger/input_Zarejestruj konto_userLogin"), "ewelinaholderna"): Text 'ewelinaholderna' is set on object 'Object Repository/Page_PSTO webMessenger/input_Zarejestruj konto_userLogin'

2021-12-22 00:25:06 - [MESSAGE][PASSED] - Text 'ewelinaholderna' is set on object 'Object Repository/Page_PSTO webMessenger/input_Zarejestruj konto_userLogin'

2021-12-22 00:25:06 - [TEST_STEP][PASSED] - setEncryptedText(findTestObject("Page_PSTO webMessenger/input_Zarejestruj konto_passwordLogin"), "aeHFOx8jV/A="): Text ****** has been set on object 'Object Repository/Page_PSTO webMessenger/input_Zarejestruj konto_passwordLogin'

2021-12-22 00:25:06 - [MESSAGE][PASSED] - Text ****** has been set on object 'Object Repository/Page_PSTO webMessenger/input_Zarejestruj konto_passwordLogin'

2021-12-22 00:25:06 - [TEST_STEP][PASSED] - click(findTestObject("Page_PSTO webMessenger/input_Zarejestruj konto_login")): Object: 'Object Repository/Page_PSTO webMessenger/input_Zarejestruj konto_login' is clicked on

2021-12-22 00:25:06 - [MESSAGE][PASSED] - Object: 'Object Repository/Page_PSTO webMessenger/input_Zarejestruj konto_login' is clicked on

2021-12-22 00:25:06 - [TEST_STEP][PASSED] - click(findTestObject("Page_PSTO webMessenger - Zalogowano/img_Zarejestruj konto_profile")): Object: 'Object Repository/Page_PSTO webMessenger - Zalogowano/img_Zarejestruj konto_profile' is clicked on

2021-12-22 00:25:07 - [MESSAGE][PASSED] - Object: 'Object Repository/Page_PSTO webMessenger - Zalogowano/img_Zarejestruj konto_profile' is clicked on

2021-12-22 00:25:07 - [TEST_STEP][PASSED] - setEncryptedText(findTestObject("Page_PSTO webMessenger - Zalogowano/input_Zmien haslo_oldPass"), "aeHFOx8jV/A="): Text ****** has been set on object 'Object Repository/Page_PSTO webMessenger - Zalogowano/input_Zmien haslo_oldPass'

2021-12-22 00:25:08 - [MESSAGE][PASSED] - Text ****** has been set on object 'Object Repository/Page_PSTO webMessenger - Zalogowano/input_Zmien haslo_oldPass'

2021-12-22 00:25:08 - [TEST_STEP][PASSED] - setEncryptedText(findTestObject("Page_PSTO webMessenger - Zalogowano/input_Zmien haslo_editPass"), "qeJ0sjJnwEs="): Text ****** has been set on object 'Object Repository/Page_PSTO webMessenger - Zalogowano/input_Zmien haslo_editPass'

2021-12-22 00:25:09 - [MESSAGE][PASSED] - Text ****** has been set on object 'Object Repository/Page_PSTO webMessenger - Zalogowano/input_Zmien haslo_editPass'

2021-12-22 00:25:09 - [TEST_STEP][PASSED] - setEncryptedText(findTestObject("Page_PSTO webMessenger - Zalogowano/input_Zmien haslo_editPassRepeat"), "qeJ0sjJnwEs="): Text ****** has been set on object 'Object Repository/Page_PSTO webMessenger - Zalogowano/input_Zmien haslo_editPassRepeat'

2021-12-22 00:25:09 - [MESSAGE][PASSED] - Text ****** has been set on object 'Object Repository/Page_PSTO webMessenger - Zalogowano/input_Zmien haslo_editPassRepeat'

2021-12-22 00:25:09 - [TEST_STEP][PASSED] - click(findTestObject("Page_PSTO webMessenger - Zalogowano/input_Zmien haslo_changePassword")): Object: 'Object Repository/Page_PSTO webMessenger - Zalogowano/input_Zmien haslo_changePassword' is clicked on

2021-12-22 00:25:10 - [MESSAGE][PASSED] - Object: 'Object Repository/Page_PSTO webMessenger - Zalogowano/input_Zmien haslo_changePassword' is clicked on

2021-12-22 00:25:10 - [TEST_STEP][PASSED] - click(findTestObject("Page_PSTO webMessenger - Zalogowano/img_Zarejestruj konto_close")): Object: 'Object Repository/Page_PSTO webMessenger - Zalogowano/img_Zarejestruj konto_close' is clicked on

2021-12-22 00:25:11 - [MESSAGE][PASSED] - Object: 'Object Repository/Page_PSTO webMessenger - Zalogowano/img_Zarejestruj konto_close' is clicked on

2021-12-22 00:25:11 - [TEST_STEP][PASSED] - setText(findTestObject("Page_PSTO webMessenger/input_Zarejestruj konto_userLogin"), "ewelinaholderna"): Text 'ewelinaholderna' is set on object 'Object Repository/Page_PSTO webMessenger/input_Zarejestruj konto_userLogin'

2021-12-22 00:25:12 - [MESSAGE][PASSED] - Text 'ewelinaholderna' is set on object 'Object Repository/Page_PSTO webMessenger/input_Zarejestruj konto_userLogin'

2021-12-22 00:25:12 - [TEST_STEP][PASSED] - setEncryptedText(findTestObject("Page_PSTO webMessenger/input_Zarejestruj konto_passwordLogin"), "aeHFOx8jV/A="): Text ****** has been set on object 'Object Repository/Page_PSTO webMessenger/input_Zarejestruj konto_passwordLogin'

2021-12-22 00:25:12 - [MESSAGE][PASSED] - Text ****** has been set on object 'Object Repository/Page_PSTO webMessenger/input_Zarejestruj konto_passwordLogin'

2021-12-22 00:25:12 - [TEST_STEP][PASSED] - click(findTestObject("Page_PSTO webMessenger/input_Zarejestruj konto_login")): Object: 'Object Repository/Page_PSTO webMessenger/input_Zarejestruj konto_login' is clicked on

2021-12-22 00:25:12 - [MESSAGE][PASSED] - Object: 'Object Repository/Page_PSTO webMessenger/input_Zarejestruj konto_login' is clicked on

2021-12-22 00:25:12 - [TEST_STEP][PASSED] - waitForAlert(2): Alert is present after 2 second(s).

2021-12-22 00:25:13 - [MESSAGE][PASSED] - Alert is present after 2 second(s).

2021-12-22 00:25:13 - [TEST_STEP][PASSED] - alert_text = getAlertText(): Get alert text successfully: 'Podano błędną nazwę użytkownika lub hasło!'

2021-12-22 00:25:13 - [MESSAGE][PASSED] - Get alert text successfully: 'Podano błędną nazwę użytkownika lub hasło!'

2021-12-22 00:25:13 - [TEST_STEP][PASSED] - verifyEqual(alert_text, "Podano błędną nazwę użytkownika lub hasło!"): Actual object 'Podano błędną nazwę użytkownika lub hasło!' and expected object 'Podano błędną nazwę użytkownika lub hasło!' are equal

2021-12-22 00:25:13 - [MESSAGE][PASSED] - Actual object 'Podano błędną nazwę użytkownika lub hasło!' and expected object 'Podano błędną nazwę użytkownika lub hasło!' are equal

2021-12-22 00:25:13 - [TEST_STEP][PASSED] - setText(findTestObject("Page_PSTO webMessenger/input_Zarejestruj konto_userLogin"), "ewelinaholderna"): Text 'ewelinaholderna' is set on object 'Object Repository/Page_PSTO webMessenger/input_Zarejestruj konto_userLogin'

2021-12-22 00:25:14 - [MESSAGE][PASSED] - Text 'ewelinaholderna' is set on object 'Object Repository/Page_PSTO webMessenger/input_Zarejestruj konto_userLogin'

2021-12-22 00:25:14 - [TEST_STEP][PASSED] - setEncryptedText(findTestObject("Page_PSTO webMessenger/input_Zarejestruj konto_passwordLogin"), "qeJ0sjJnwEs="): Text ****** has been set on object 'Object Repository/Page_PSTO webMessenger/input_Zarejestruj konto_passwordLogin'

2021-12-22 00:25:14 - [MESSAGE][PASSED] - Text ****** has been set on object 'Object Repository/Page_PSTO webMessenger/input_Zarejestruj konto_passwordLogin'

2021-12-22 00:25:14 - [TEST_STEP][PASSED] - click(findTestObject("Page_PSTO webMessenger/input_Zarejestruj konto_login")): Object: 'Object Repository/Page_PSTO webMessenger/input_Zarejestruj konto_login' is clicked on

2021-12-22 00:25:15 - [MESSAGE][PASSED] - Object: 'Object Repository/Page_PSTO webMessenger/input_Zarejestruj konto_login' is clicked on

2021-12-22 00:25:15 - [TEST_STEP][PASSED] - click(findTestObject("Page_PSTO webMessenger - Zalogowano/img_Zarejestruj konto_profile")): Object: 'Object Repository/Page_PSTO webMessenger - Zalogowano/img_Zarejestruj konto_profile' is clicked on

2021-12-22 00:25:15 - [MESSAGE][PASSED] - Object: 'Object Repository/Page_PSTO webMessenger - Zalogowano/img_Zarejestruj konto_profile' is clicked on

2021-12-22 00:25:15 - [TEST_STEP][PASSED] - setEncryptedText(findTestObject("Page_PSTO webMessenger - Zalogowano/input_Zmien haslo_oldPass"), "qeJ0sjJnwEs="): Text ****** has been set on object 'Object Repository/Page_PSTO webMessenger - Zalogowano/input_Zmien haslo_oldPass'

2021-12-22 00:25:16 - [MESSAGE][PASSED] - Text ****** has been set on object 'Object Repository/Page_PSTO webMessenger - Zalogowano/input_Zmien haslo_oldPass'

2021-12-22 00:25:16 - [TEST_STEP][PASSED] - setEncryptedText(findTestObject("Page_PSTO webMessenger - Zalogowano/input_Zmien haslo_editPass"), "aeHFOx8jV/A="): Text ****** has been set on object 'Object Repository/Page_PSTO webMessenger - Zalogowano/input_Zmien haslo_editPass'

2021-12-22 00:25:17 - [MESSAGE][PASSED] - Text ****** has been set on object 'Object Repository/Page_PSTO webMessenger - Zalogowano/input_Zmien haslo_editPass'

2021-12-22 00:25:17 - [TEST_STEP][PASSED] - setEncryptedText(findTestObject("Page_PSTO webMessenger - Zalogowano/input_Zmien haslo_editPassRepeat"), "aeHFOx8jV/A="): Text ****** has been set on object 'Object Repository/Page_PSTO webMessenger - Zalogowano/input_Zmien haslo_editPassRepeat'

2021-12-22 00:25:17 - [MESSAGE][PASSED] - Text ****** has been set on object 'Object Repository/Page_PSTO webMessenger - Zalogowano/input_Zmien haslo_editPassRepeat'

2021-12-22 00:25:17 - [TEST_STEP][PASSED] - click(findTestObject("Page_PSTO webMessenger - Zalogowano/input_Zmien haslo_changePassword")): Object: 'Object Repository/Page_PSTO webMessenger - Zalogowano/input_Zmien haslo_changePassword' is clicked on

2021-12-22 00:25:18 - [MESSAGE][PASSED] - Object: 'Object Repository/Page_PSTO webMessenger - Zalogowano/input_Zmien haslo_changePassword' is clicked on

2021-12-22 00:25:18 - [TEST_STEP][PASSED] - click(findTestObject("Page_PSTO webMessenger - Zalogowano/img_Zarejestruj konto_close")): Object: 'Object Repository/Page_PSTO webMessenger - Zalogowano/img_Zarejestruj konto_close' is clicked on

2021-12-22 00:25:18 - [MESSAGE][PASSED] - Object: 'Object Repository/Page_PSTO webMessenger - Zalogowano/img_Zarejestruj konto_close' is clicked on

2021-12-22 00:25:18 - [TEST_STEP][PASSED] - closeBrowser(): Browser is closed

2021-12-22 00:25:19 - [MESSAGE][PASSED] - Browser is closed]]></system-out>
         <system-err><![CDATA[]]></system-err>
      </testcase>
      <testcase name="Test Cases/komunikator testy logowanie/L9" time="17.465" classname="Test Cases/komunikator testy logowanie/L9" status="FAILED">
         <failure type="FAILED" message="Test Cases/komunikator testy logowanie/L9 FAILED.
Reason:
com.kms.katalon.core.exception.StepFailedException: Actual text 'PSTO webMessenger' and expected text '.*Zalogowano' are not matched using regular expression
	at com.kms.katalon.core.keyword.builtin.VerifyMatchKeyword$_verifyMatch_closure1.doCall(VerifyMatchKeyword.groovy:57)
	at com.kms.katalon.core.keyword.builtin.VerifyMatchKeyword$_verifyMatch_closure1.call(VerifyMatchKeyword.groovy)
	at com.kms.katalon.core.keyword.internal.KeywordMain.runKeyword(KeywordMain.groovy:74)
	at com.kms.katalon.core.keyword.builtin.VerifyMatchKeyword.verifyMatch(VerifyMatchKeyword.groovy:60)
	at com.kms.katalon.core.keyword.builtin.VerifyMatchKeyword.execute(VerifyMatchKeyword.groovy:45)
	at com.kms.katalon.core.keyword.internal.KeywordExecutor.executeKeywordForPlatform(KeywordExecutor.groovy:74)
	at com.kms.katalon.core.keyword.BuiltinKeywords.verifyMatch(BuiltinKeywords.groovy:73)
	at L9.run(L9:51)
	at com.kms.katalon.core.main.ScriptEngine.run(ScriptEngine.java:194)
	at com.kms.katalon.core.main.ScriptEngine.runScriptAsRawText(ScriptEngine.java:119)
	at com.kms.katalon.core.main.TestCaseExecutor.runScript(TestCaseExecutor.java:430)
	at com.kms.katalon.core.main.TestCaseExecutor.doExecute(TestCaseExecutor.java:421)
	at com.kms.katalon.core.main.TestCaseExecutor.processExecutionPhase(TestCaseExecutor.java:400)
	at com.kms.katalon.core.main.TestCaseExecutor.accessMainPhase(TestCaseExecutor.java:392)
	at com.kms.katalon.core.main.TestCaseExecutor.execute(TestCaseExecutor.java:273)
	at com.kms.katalon.core.main.TestSuiteExecutor.accessTestCaseMainPhase(TestSuiteExecutor.java:202)
	at com.kms.katalon.core.main.TestSuiteExecutor.accessTestSuiteMainPhase(TestSuiteExecutor.java:164)
	at com.kms.katalon.core.main.TestSuiteExecutor.execute(TestSuiteExecutor.java:105)
	at com.kms.katalon.core.main.TestCaseMain.startTestSuite(TestCaseMain.java:185)
	at com.kms.katalon.core.main.TestCaseMain$startTestSuite$0.call(Unknown Source)
	at TempTestSuite1640129060085.run(TempTestSuite1640129060085.groovy:36)
"/>
         <system-out><![CDATA[2021-12-22 00:25:19 - [TEST_CASE][FAILED] - Test Cases/komunikator testy logowanie/L9: Test Cases/komunikator testy logowanie/L9 FAILED.
Reason:
com.kms.katalon.core.exception.StepFailedException: Actual text 'PSTO webMessenger' and expected text '.*Zalogowano' are not matched using regular expression
	at com.kms.katalon.core.keyword.builtin.VerifyMatchKeyword$_verifyMatch_closure1.doCall(VerifyMatchKeyword.groovy:57)
	at com.kms.katalon.core.keyword.builtin.VerifyMatchKeyword$_verifyMatch_closure1.call(VerifyMatchKeyword.groovy)
	at com.kms.katalon.core.keyword.internal.KeywordMain.runKeyword(KeywordMain.groovy:74)
	at com.kms.katalon.core.keyword.builtin.VerifyMatchKeyword.verifyMatch(VerifyMatchKeyword.groovy:60)
	at com.kms.katalon.core.keyword.builtin.VerifyMatchKeyword.execute(VerifyMatchKeyword.groovy:45)
	at com.kms.katalon.core.keyword.internal.KeywordExecutor.executeKeywordForPlatform(KeywordExecutor.groovy:74)
	at com.kms.katalon.core.keyword.BuiltinKeywords.verifyMatch(BuiltinKeywords.groovy:73)
	at L9.run(L9:51)
	at com.kms.katalon.core.main.ScriptEngine.run(ScriptEngine.java:194)
	at com.kms.katalon.core.main.ScriptEngine.runScriptAsRawText(ScriptEngine.java:119)
	at com.kms.katalon.core.main.TestCaseExecutor.runScript(TestCaseExecutor.java:430)
	at com.kms.katalon.core.main.TestCaseExecutor.doExecute(TestCaseExecutor.java:421)
	at com.kms.katalon.core.main.TestCaseExecutor.processExecutionPhase(TestCaseExecutor.java:400)
	at com.kms.katalon.core.main.TestCaseExecutor.accessMainPhase(TestCaseExecutor.java:392)
	at com.kms.katalon.core.main.TestCaseExecutor.execute(TestCaseExecutor.java:273)
	at com.kms.katalon.core.main.TestSuiteExecutor.accessTestCaseMainPhase(TestSuiteExecutor.java:202)
	at com.kms.katalon.core.main.TestSuiteExecutor.accessTestSuiteMainPhase(TestSuiteExecutor.java:164)
	at com.kms.katalon.core.main.TestSuiteExecutor.execute(TestSuiteExecutor.java:105)
	at com.kms.katalon.core.main.TestCaseMain.startTestSuite(TestCaseMain.java:185)
	at com.kms.katalon.core.main.TestCaseMain$startTestSuite$0.call(Unknown Source)
	at TempTestSuite1640129060085.run(TempTestSuite1640129060085.groovy:36)


2021-12-22 00:25:20 - [TEST_STEP][PASSED] - openBrowser(""): Browser is opened with url: ''

2021-12-22 00:25:20 - [MESSAGE][INFO] - Starting 'Chrome' driver

2021-12-22 00:25:20 - [MESSAGE][INFO] - Action delay is set to 0 milliseconds

2021-12-22 00:25:22 - [MESSAGE][PASSED] - Browser is opened with url: ''

2021-12-22 00:25:22 - [TEST_STEP][PASSED] - maximizeWindow(): Current window maximized

2021-12-22 00:25:22 - [MESSAGE][PASSED] - Current window maximized

2021-12-22 00:25:22 - [TEST_STEP][PASSED] - navigateToUrl("http://kmg.hcm.pl/testowanie/index.html"): Navigate to 'http://kmg.hcm.pl/testowanie/index.html' successfully

2021-12-22 00:25:25 - [MESSAGE][PASSED] - Navigate to 'http://kmg.hcm.pl/testowanie/index.html' successfully

2021-12-22 00:25:25 - [TEST_STEP][PASSED] - for ([row = 1, row <= 5, (row++)]): Actual object 'Podano błędną nazwę użytkownika lub hasło!' and expected object 'Podano błędną nazwę użytkownika lub hasło!' are equal

2021-12-22 00:25:25 - [TEST_STEP][PASSED] - setText(findTestObject("Page_PSTO webMessenger/input_Zarejestruj konto_userLogin"), "ewelina1"): Text 'ewelina1' is set on object 'Object Repository/Page_PSTO webMessenger/input_Zarejestruj konto_userLogin'

2021-12-22 00:25:25 - [MESSAGE][PASSED] - Text 'ewelina1' is set on object 'Object Repository/Page_PSTO webMessenger/input_Zarejestruj konto_userLogin'

2021-12-22 00:25:25 - [TEST_STEP][PASSED] - setEncryptedText(findTestObject("Page_PSTO webMessenger/input_Zarejestruj konto_passwordLogin"), String.valueOf(row)): Text ****** has been set on object 'Object Repository/Page_PSTO webMessenger/input_Zarejestruj konto_passwordLogin'

2021-12-22 00:25:26 - [MESSAGE][PASSED] - Text ****** has been set on object 'Object Repository/Page_PSTO webMessenger/input_Zarejestruj konto_passwordLogin'

2021-12-22 00:25:26 - [TEST_STEP][PASSED] - click(findTestObject("Page_PSTO webMessenger/input_Zarejestruj konto_login")): Object: 'Object Repository/Page_PSTO webMessenger/input_Zarejestruj konto_login' is clicked on

2021-12-22 00:25:26 - [MESSAGE][PASSED] - Object: 'Object Repository/Page_PSTO webMessenger/input_Zarejestruj konto_login' is clicked on

2021-12-22 00:25:26 - [TEST_STEP][PASSED] - waitForAlert(2): Alert is present after 2 second(s).

2021-12-22 00:25:27 - [MESSAGE][PASSED] - Alert is present after 2 second(s).

2021-12-22 00:25:27 - [TEST_STEP][PASSED] - alert_text = getAlertText(): Get alert text successfully: 'Podano błędną nazwę użytkownika lub hasło!'

2021-12-22 00:25:27 - [MESSAGE][PASSED] - Get alert text successfully: 'Podano błędną nazwę użytkownika lub hasło!'

2021-12-22 00:25:27 - [TEST_STEP][PASSED] - verifyEqual(alert_text, "Podano błędną nazwę użytkownika lub hasło!"): Actual object 'Podano błędną nazwę użytkownika lub hasło!' and expected object 'Podano błędną nazwę użytkownika lub hasło!' are equal

2021-12-22 00:25:27 - [MESSAGE][PASSED] - Actual object 'Podano błędną nazwę użytkownika lub hasło!' and expected object 'Podano błędną nazwę użytkownika lub hasło!' are equal

2021-12-22 00:25:27 - [TEST_STEP][PASSED] - setText(findTestObject("Page_PSTO webMessenger/input_Zarejestruj konto_userLogin"), "ewelina1"): Text 'ewelina1' is set on object 'Object Repository/Page_PSTO webMessenger/input_Zarejestruj konto_userLogin'

2021-12-22 00:25:28 - [MESSAGE][PASSED] - Text 'ewelina1' is set on object 'Object Repository/Page_PSTO webMessenger/input_Zarejestruj konto_userLogin'

2021-12-22 00:25:28 - [TEST_STEP][PASSED] - setEncryptedText(findTestObject("Page_PSTO webMessenger/input_Zarejestruj konto_passwordLogin"), String.valueOf(row)): Text ****** has been set on object 'Object Repository/Page_PSTO webMessenger/input_Zarejestruj konto_passwordLogin'

2021-12-22 00:25:28 - [MESSAGE][PASSED] - Text ****** has been set on object 'Object Repository/Page_PSTO webMessenger/input_Zarejestruj konto_passwordLogin'

2021-12-22 00:25:28 - [TEST_STEP][PASSED] - click(findTestObject("Page_PSTO webMessenger/input_Zarejestruj konto_login")): Object: 'Object Repository/Page_PSTO webMessenger/input_Zarejestruj konto_login' is clicked on

2021-12-22 00:25:28 - [MESSAGE][PASSED] - Object: 'Object Repository/Page_PSTO webMessenger/input_Zarejestruj konto_login' is clicked on

2021-12-22 00:25:28 - [TEST_STEP][PASSED] - waitForAlert(2): Alert is present after 2 second(s).

2021-12-22 00:25:29 - [MESSAGE][PASSED] - Alert is present after 2 second(s).

2021-12-22 00:25:29 - [TEST_STEP][PASSED] - alert_text = getAlertText(): Get alert text successfully: 'Podano błędną nazwę użytkownika lub hasło!'

2021-12-22 00:25:29 - [MESSAGE][PASSED] - Get alert text successfully: 'Podano błędną nazwę użytkownika lub hasło!'

2021-12-22 00:25:29 - [TEST_STEP][PASSED] - verifyEqual(alert_text, "Podano błędną nazwę użytkownika lub hasło!"): Actual object 'Podano błędną nazwę użytkownika lub hasło!' and expected object 'Podano błędną nazwę użytkownika lub hasło!' are equal

2021-12-22 00:25:29 - [MESSAGE][PASSED] - Actual object 'Podano błędną nazwę użytkownika lub hasło!' and expected object 'Podano błędną nazwę użytkownika lub hasło!' are equal

2021-12-22 00:25:29 - [TEST_STEP][PASSED] - setText(findTestObject("Page_PSTO webMessenger/input_Zarejestruj konto_userLogin"), "ewelina1"): Text 'ewelina1' is set on object 'Object Repository/Page_PSTO webMessenger/input_Zarejestruj konto_userLogin'

2021-12-22 00:25:30 - [MESSAGE][PASSED] - Text 'ewelina1' is set on object 'Object Repository/Page_PSTO webMessenger/input_Zarejestruj konto_userLogin'

2021-12-22 00:25:30 - [TEST_STEP][PASSED] - setEncryptedText(findTestObject("Page_PSTO webMessenger/input_Zarejestruj konto_passwordLogin"), String.valueOf(row)): Text ****** has been set on object 'Object Repository/Page_PSTO webMessenger/input_Zarejestruj konto_passwordLogin'

2021-12-22 00:25:30 - [MESSAGE][PASSED] - Text ****** has been set on object 'Object Repository/Page_PSTO webMessenger/input_Zarejestruj konto_passwordLogin'

2021-12-22 00:25:30 - [TEST_STEP][PASSED] - click(findTestObject("Page_PSTO webMessenger/input_Zarejestruj konto_login")): Object: 'Object Repository/Page_PSTO webMessenger/input_Zarejestruj konto_login' is clicked on

2021-12-22 00:25:31 - [MESSAGE][PASSED] - Object: 'Object Repository/Page_PSTO webMessenger/input_Zarejestruj konto_login' is clicked on

2021-12-22 00:25:31 - [TEST_STEP][PASSED] - waitForAlert(2): Alert is present after 2 second(s).

2021-12-22 00:25:31 - [MESSAGE][PASSED] - Alert is present after 2 second(s).

2021-12-22 00:25:31 - [TEST_STEP][PASSED] - alert_text = getAlertText(): Get alert text successfully: 'Podano błędną nazwę użytkownika lub hasło!'

2021-12-22 00:25:31 - [MESSAGE][PASSED] - Get alert text successfully: 'Podano błędną nazwę użytkownika lub hasło!'

2021-12-22 00:25:31 - [TEST_STEP][PASSED] - verifyEqual(alert_text, "Podano błędną nazwę użytkownika lub hasło!"): Actual object 'Podano błędną nazwę użytkownika lub hasło!' and expected object 'Podano błędną nazwę użytkownika lub hasło!' are equal

2021-12-22 00:25:31 - [MESSAGE][PASSED] - Actual object 'Podano błędną nazwę użytkownika lub hasło!' and expected object 'Podano błędną nazwę użytkownika lub hasło!' are equal

2021-12-22 00:25:31 - [TEST_STEP][PASSED] - setText(findTestObject("Page_PSTO webMessenger/input_Zarejestruj konto_userLogin"), "ewelina1"): Text 'ewelina1' is set on object 'Object Repository/Page_PSTO webMessenger/input_Zarejestruj konto_userLogin'

2021-12-22 00:25:32 - [MESSAGE][PASSED] - Text 'ewelina1' is set on object 'Object Repository/Page_PSTO webMessenger/input_Zarejestruj konto_userLogin'

2021-12-22 00:25:32 - [TEST_STEP][PASSED] - setEncryptedText(findTestObject("Page_PSTO webMessenger/input_Zarejestruj konto_passwordLogin"), String.valueOf(row)): Text ****** has been set on object 'Object Repository/Page_PSTO webMessenger/input_Zarejestruj konto_passwordLogin'

2021-12-22 00:25:32 - [MESSAGE][PASSED] - Text ****** has been set on object 'Object Repository/Page_PSTO webMessenger/input_Zarejestruj konto_passwordLogin'

2021-12-22 00:25:32 - [TEST_STEP][PASSED] - click(findTestObject("Page_PSTO webMessenger/input_Zarejestruj konto_login")): Object: 'Object Repository/Page_PSTO webMessenger/input_Zarejestruj konto_login' is clicked on

2021-12-22 00:25:33 - [MESSAGE][PASSED] - Object: 'Object Repository/Page_PSTO webMessenger/input_Zarejestruj konto_login' is clicked on

2021-12-22 00:25:33 - [TEST_STEP][PASSED] - waitForAlert(2): Alert is present after 2 second(s).

2021-12-22 00:25:33 - [MESSAGE][PASSED] - Alert is present after 2 second(s).

2021-12-22 00:25:33 - [TEST_STEP][PASSED] - alert_text = getAlertText(): Get alert text successfully: 'Podano błędną nazwę użytkownika lub hasło!'

2021-12-22 00:25:33 - [MESSAGE][PASSED] - Get alert text successfully: 'Podano błędną nazwę użytkownika lub hasło!'

2021-12-22 00:25:33 - [TEST_STEP][PASSED] - verifyEqual(alert_text, "Podano błędną nazwę użytkownika lub hasło!"): Actual object 'Podano błędną nazwę użytkownika lub hasło!' and expected object 'Podano błędną nazwę użytkownika lub hasło!' are equal

2021-12-22 00:25:33 - [MESSAGE][PASSED] - Actual object 'Podano błędną nazwę użytkownika lub hasło!' and expected object 'Podano błędną nazwę użytkownika lub hasło!' are equal

2021-12-22 00:25:33 - [TEST_STEP][PASSED] - setText(findTestObject("Page_PSTO webMessenger/input_Zarejestruj konto_userLogin"), "ewelina1"): Text 'ewelina1' is set on object 'Object Repository/Page_PSTO webMessenger/input_Zarejestruj konto_userLogin'

2021-12-22 00:25:34 - [MESSAGE][PASSED] - Text 'ewelina1' is set on object 'Object Repository/Page_PSTO webMessenger/input_Zarejestruj konto_userLogin'

2021-12-22 00:25:34 - [TEST_STEP][PASSED] - setEncryptedText(findTestObject("Page_PSTO webMessenger/input_Zarejestruj konto_passwordLogin"), String.valueOf(row)): Text ****** has been set on object 'Object Repository/Page_PSTO webMessenger/input_Zarejestruj konto_passwordLogin'

2021-12-22 00:25:35 - [MESSAGE][PASSED] - Text ****** has been set on object 'Object Repository/Page_PSTO webMessenger/input_Zarejestruj konto_passwordLogin'

2021-12-22 00:25:35 - [TEST_STEP][PASSED] - click(findTestObject("Page_PSTO webMessenger/input_Zarejestruj konto_login")): Object: 'Object Repository/Page_PSTO webMessenger/input_Zarejestruj konto_login' is clicked on

2021-12-22 00:25:35 - [MESSAGE][PASSED] - Object: 'Object Repository/Page_PSTO webMessenger/input_Zarejestruj konto_login' is clicked on

2021-12-22 00:25:35 - [TEST_STEP][PASSED] - waitForAlert(2): Alert is present after 2 second(s).

2021-12-22 00:25:35 - [MESSAGE][PASSED] - Alert is present after 2 second(s).

2021-12-22 00:25:35 - [TEST_STEP][PASSED] - alert_text = getAlertText(): Get alert text successfully: 'Podano błędną nazwę użytkownika lub hasło!'

2021-12-22 00:25:35 - [MESSAGE][PASSED] - Get alert text successfully: 'Podano błędną nazwę użytkownika lub hasło!'

2021-12-22 00:25:35 - [TEST_STEP][PASSED] - verifyEqual(alert_text, "Podano błędną nazwę użytkownika lub hasło!"): Actual object 'Podano błędną nazwę użytkownika lub hasło!' and expected object 'Podano błędną nazwę użytkownika lub hasło!' are equal

2021-12-22 00:25:35 - [MESSAGE][PASSED] - Actual object 'Podano błędną nazwę użytkownika lub hasło!' and expected object 'Podano błędną nazwę użytkownika lub hasło!' are equal

2021-12-22 00:25:35 - [TEST_STEP][PASSED] - setText(findTestObject("Page_PSTO webMessenger/input_Zarejestruj konto_userLogin"), "Ewelina1"): Text 'Ewelina1' is set on object 'Object Repository/Page_PSTO webMessenger/input_Zarejestruj konto_userLogin'

2021-12-22 00:25:36 - [MESSAGE][PASSED] - Text 'Ewelina1' is set on object 'Object Repository/Page_PSTO webMessenger/input_Zarejestruj konto_userLogin'

2021-12-22 00:25:36 - [TEST_STEP][PASSED] - setEncryptedText(findTestObject("Page_PSTO webMessenger/input_Zarejestruj konto_passwordLogin"), "aeHFOx8jV/A="): Text ****** has been set on object 'Object Repository/Page_PSTO webMessenger/input_Zarejestruj konto_passwordLogin'

2021-12-22 00:25:36 - [MESSAGE][PASSED] - Text ****** has been set on object 'Object Repository/Page_PSTO webMessenger/input_Zarejestruj konto_passwordLogin'

2021-12-22 00:25:36 - [TEST_STEP][PASSED] - click(findTestObject("Page_PSTO webMessenger/input_Zarejestruj konto_login")): Object: 'Object Repository/Page_PSTO webMessenger/input_Zarejestruj konto_login' is clicked on

2021-12-22 00:25:37 - [MESSAGE][PASSED] - Object: 'Object Repository/Page_PSTO webMessenger/input_Zarejestruj konto_login' is clicked on

2021-12-22 00:25:37 - [TEST_STEP][PASSED] - waitForPageLoad(2): Wait for page load successfully

2021-12-22 00:25:37 - [MESSAGE][PASSED] - Wait for page load successfully

2021-12-22 00:25:37 - [TEST_STEP][PASSED] - tytul = getWindowTitle(): Current window's title is: 'PSTO webMessenger'

2021-12-22 00:25:37 - [MESSAGE][PASSED] - Current window's title is: 'PSTO webMessenger'

2021-12-22 00:25:37 - [TEST_STEP][FAILED] - verifyMatch(tytul, ".*Zalogowano", true): Unable to verify match between actual text 'PSTO webMessenger' and expected text '.*Zalogowano' using regular expression (Root cause: com.kms.katalon.core.exception.StepFailedException: Actual text 'PSTO webMessenger' and expected text '.*Zalogowano' are not matched using regular expression
	at com.kms.katalon.core.keyword.builtin.VerifyMatchKeyword$_verifyMatch_closure1.doCall(VerifyMatchKeyword.groovy:57)
	at com.kms.katalon.core.keyword.builtin.VerifyMatchKeyword$_verifyMatch_closure1.call(VerifyMatchKeyword.groovy)
	at com.kms.katalon.core.keyword.internal.KeywordMain.runKeyword(KeywordMain.groovy:74)
	at com.kms.katalon.core.keyword.builtin.VerifyMatchKeyword.verifyMatch(VerifyMatchKeyword.groovy:60)
	at com.kms.katalon.core.keyword.builtin.VerifyMatchKeyword.execute(VerifyMatchKeyword.groovy:45)
	at com.kms.katalon.core.keyword.internal.KeywordExecutor.executeKeywordForPlatform(KeywordExecutor.groovy:74)
	at com.kms.katalon.core.keyword.BuiltinKeywords.verifyMatch(BuiltinKeywords.groovy:73)
	at L9.run(L9:51)
	at com.kms.katalon.core.main.ScriptEngine.run(ScriptEngine.java:194)
	at com.kms.katalon.core.main.ScriptEngine.runScriptAsRawText(ScriptEngine.java:119)
	at com.kms.katalon.core.main.TestCaseExecutor.runScript(TestCaseExecutor.java:430)
	at com.kms.katalon.core.main.TestCaseExecutor.doExecute(TestCaseExecutor.java:421)
	at com.kms.katalon.core.main.TestCaseExecutor.processExecutionPhase(TestCaseExecutor.java:400)
	at com.kms.katalon.core.main.TestCaseExecutor.accessMainPhase(TestCaseExecutor.java:392)
	at com.kms.katalon.core.main.TestCaseExecutor.execute(TestCaseExecutor.java:273)
	at com.kms.katalon.core.main.TestSuiteExecutor.accessTestCaseMainPhase(TestSuiteExecutor.java:202)
	at com.kms.katalon.core.main.TestSuiteExecutor.accessTestSuiteMainPhase(TestSuiteExecutor.java:164)
	at com.kms.katalon.core.main.TestSuiteExecutor.execute(TestSuiteExecutor.java:105)
	at com.kms.katalon.core.main.TestCaseMain.startTestSuite(TestCaseMain.java:185)
	at com.kms.katalon.core.main.TestCaseMain$startTestSuite$0.call(Unknown Source)
	at TempTestSuite1640129060085.run(TempTestSuite1640129060085.groovy:36)
)

2021-12-22 00:25:37 - [MESSAGE][FAILED] - Unable to verify match between actual text 'PSTO webMessenger' and expected text '.*Zalogowano' using regular expression (Root cause: com.kms.katalon.core.exception.StepFailedException: Actual text 'PSTO webMessenger' and expected text '.*Zalogowano' are not matched using regular expression
	at com.kms.katalon.core.keyword.builtin.VerifyMatchKeyword$_verifyMatch_closure1.doCall(VerifyMatchKeyword.groovy:57)
	at com.kms.katalon.core.keyword.builtin.VerifyMatchKeyword$_verifyMatch_closure1.call(VerifyMatchKeyword.groovy)
	at com.kms.katalon.core.keyword.internal.KeywordMain.runKeyword(KeywordMain.groovy:74)
	at com.kms.katalon.core.keyword.builtin.VerifyMatchKeyword.verifyMatch(VerifyMatchKeyword.groovy:60)
	at com.kms.katalon.core.keyword.builtin.VerifyMatchKeyword.execute(VerifyMatchKeyword.groovy:45)
	at com.kms.katalon.core.keyword.internal.KeywordExecutor.executeKeywordForPlatform(KeywordExecutor.groovy:74)
	at com.kms.katalon.core.keyword.BuiltinKeywords.verifyMatch(BuiltinKeywords.groovy:73)
	at L9.run(L9:51)
	at com.kms.katalon.core.main.ScriptEngine.run(ScriptEngine.java:194)
	at com.kms.katalon.core.main.ScriptEngine.runScriptAsRawText(ScriptEngine.java:119)
	at com.kms.katalon.core.main.TestCaseExecutor.runScript(TestCaseExecutor.java:430)
	at com.kms.katalon.core.main.TestCaseExecutor.doExecute(TestCaseExecutor.java:421)
	at com.kms.katalon.core.main.TestCaseExecutor.processExecutionPhase(TestCaseExecutor.java:400)
	at com.kms.katalon.core.main.TestCaseExecutor.accessMainPhase(TestCaseExecutor.java:392)
	at com.kms.katalon.core.main.TestCaseExecutor.execute(TestCaseExecutor.java:273)
	at com.kms.katalon.core.main.TestSuiteExecutor.accessTestCaseMainPhase(TestSuiteExecutor.java:202)
	at com.kms.katalon.core.main.TestSuiteExecutor.accessTestSuiteMainPhase(TestSuiteExecutor.java:164)
	at com.kms.katalon.core.main.TestSuiteExecutor.execute(TestSuiteExecutor.java:105)
	at com.kms.katalon.core.main.TestCaseMain.startTestSuite(TestCaseMain.java:185)
	at com.kms.katalon.core.main.TestCaseMain$startTestSuite$0.call(Unknown Source)
	at TempTestSuite1640129060085.run(TempTestSuite1640129060085.groovy:36)
)]]></system-out>
         <system-err><![CDATA[2021-12-22 00:25:19 - [TEST_CASE][FAILED] - Test Cases/komunikator testy logowanie/L9: Test Cases/komunikator testy logowanie/L9 FAILED.
Reason:
com.kms.katalon.core.exception.StepFailedException: Actual text 'PSTO webMessenger' and expected text '.*Zalogowano' are not matched using regular expression
	at com.kms.katalon.core.keyword.builtin.VerifyMatchKeyword$_verifyMatch_closure1.doCall(VerifyMatchKeyword.groovy:57)
	at com.kms.katalon.core.keyword.builtin.VerifyMatchKeyword$_verifyMatch_closure1.call(VerifyMatchKeyword.groovy)
	at com.kms.katalon.core.keyword.internal.KeywordMain.runKeyword(KeywordMain.groovy:74)
	at com.kms.katalon.core.keyword.builtin.VerifyMatchKeyword.verifyMatch(VerifyMatchKeyword.groovy:60)
	at com.kms.katalon.core.keyword.builtin.VerifyMatchKeyword.execute(VerifyMatchKeyword.groovy:45)
	at com.kms.katalon.core.keyword.internal.KeywordExecutor.executeKeywordForPlatform(KeywordExecutor.groovy:74)
	at com.kms.katalon.core.keyword.BuiltinKeywords.verifyMatch(BuiltinKeywords.groovy:73)
	at L9.run(L9:51)
	at com.kms.katalon.core.main.ScriptEngine.run(ScriptEngine.java:194)
	at com.kms.katalon.core.main.ScriptEngine.runScriptAsRawText(ScriptEngine.java:119)
	at com.kms.katalon.core.main.TestCaseExecutor.runScript(TestCaseExecutor.java:430)
	at com.kms.katalon.core.main.TestCaseExecutor.doExecute(TestCaseExecutor.java:421)
	at com.kms.katalon.core.main.TestCaseExecutor.processExecutionPhase(TestCaseExecutor.java:400)
	at com.kms.katalon.core.main.TestCaseExecutor.accessMainPhase(TestCaseExecutor.java:392)
	at com.kms.katalon.core.main.TestCaseExecutor.execute(TestCaseExecutor.java:273)
	at com.kms.katalon.core.main.TestSuiteExecutor.accessTestCaseMainPhase(TestSuiteExecutor.java:202)
	at com.kms.katalon.core.main.TestSuiteExecutor.accessTestSuiteMainPhase(TestSuiteExecutor.java:164)
	at com.kms.katalon.core.main.TestSuiteExecutor.execute(TestSuiteExecutor.java:105)
	at com.kms.katalon.core.main.TestCaseMain.startTestSuite(TestCaseMain.java:185)
	at com.kms.katalon.core.main.TestCaseMain$startTestSuite$0.call(Unknown Source)
	at TempTestSuite1640129060085.run(TempTestSuite1640129060085.groovy:36)]]></system-err>
      </testcase>
      <system-out><![CDATA[2021-12-22 00:24:24 - [TEST_SUITE][FAILED] - logowanie: Test Cases/komunikator testy logowanie/L3 FAILED.
Reason:
com.kms.katalon.core.exception.StepFailedException: Actual text 'PSTO webMessenger' and expected text '.*Zalogowano' are not matched using regular expression
	at com.kms.katalon.core.keyword.builtin.VerifyMatchKeyword$_verifyMatch_closure1.doCall(VerifyMatchKeyword.groovy:57)
	at com.kms.katalon.core.keyword.builtin.VerifyMatchKeyword$_verifyMatch_closure1.call(VerifyMatchKeyword.groovy)
	at com.kms.katalon.core.keyword.internal.KeywordMain.runKeyword(KeywordMain.groovy:74)
	at com.kms.katalon.core.keyword.builtin.VerifyMatchKeyword.verifyMatch(VerifyMatchKeyword.groovy:60)
	at com.kms.katalon.core.keyword.builtin.VerifyMatchKeyword.execute(VerifyMatchKeyword.groovy:45)
	at com.kms.katalon.core.keyword.internal.KeywordExecutor.executeKeywordForPlatform(KeywordExecutor.groovy:74)
	at com.kms.katalon.core.keyword.BuiltinKeywords.verifyMatch(BuiltinKeywords.groovy:73)
	at L3.run(L3:40)
	at com.kms.katalon.core.main.ScriptEngine.run(ScriptEngine.java:194)
	at com.kms.katalon.core.main.ScriptEngine.runScriptAsRawText(ScriptEngine.java:119)
	at com.kms.katalon.core.main.TestCaseExecutor.runScript(TestCaseExecutor.java:430)
	at com.kms.katalon.core.main.TestCaseExecutor.doExecute(TestCaseExecutor.java:421)
	at com.kms.katalon.core.main.TestCaseExecutor.processExecutionPhase(TestCaseExecutor.java:400)
	at com.kms.katalon.core.main.TestCaseExecutor.accessMainPhase(TestCaseExecutor.java:392)
	at com.kms.katalon.core.main.TestCaseExecutor.execute(TestCaseExecutor.java:273)
	at com.kms.katalon.core.main.TestSuiteExecutor.accessTestCaseMainPhase(TestSuiteExecutor.java:202)
	at com.kms.katalon.core.main.TestSuiteExecutor.accessTestSuiteMainPhase(TestSuiteExecutor.java:164)
	at com.kms.katalon.core.main.TestSuiteExecutor.execute(TestSuiteExecutor.java:105)
	at com.kms.katalon.core.main.TestCaseMain.startTestSuite(TestCaseMain.java:185)
	at com.kms.katalon.core.main.TestCaseMain$startTestSuite$0.call(Unknown Source)
	at TempTestSuite1640129060085.run(TempTestSuite1640129060085.groovy:36)]]></system-out>
      <system-err><![CDATA[2021-12-22 00:24:24 - [TEST_SUITE][FAILED] - logowanie: Test Cases/komunikator testy logowanie/L3 FAILED.
Reason:
com.kms.katalon.core.exception.StepFailedException: Actual text 'PSTO webMessenger' and expected text '.*Zalogowano' are not matched using regular expression
	at com.kms.katalon.core.keyword.builtin.VerifyMatchKeyword$_verifyMatch_closure1.doCall(VerifyMatchKeyword.groovy:57)
	at com.kms.katalon.core.keyword.builtin.VerifyMatchKeyword$_verifyMatch_closure1.call(VerifyMatchKeyword.groovy)
	at com.kms.katalon.core.keyword.internal.KeywordMain.runKeyword(KeywordMain.groovy:74)
	at com.kms.katalon.core.keyword.builtin.VerifyMatchKeyword.verifyMatch(VerifyMatchKeyword.groovy:60)
	at com.kms.katalon.core.keyword.builtin.VerifyMatchKeyword.execute(VerifyMatchKeyword.groovy:45)
	at com.kms.katalon.core.keyword.internal.KeywordExecutor.executeKeywordForPlatform(KeywordExecutor.groovy:74)
	at com.kms.katalon.core.keyword.BuiltinKeywords.verifyMatch(BuiltinKeywords.groovy:73)
	at L3.run(L3:40)
	at com.kms.katalon.core.main.ScriptEngine.run(ScriptEngine.java:194)
	at com.kms.katalon.core.main.ScriptEngine.runScriptAsRawText(ScriptEngine.java:119)
	at com.kms.katalon.core.main.TestCaseExecutor.runScript(TestCaseExecutor.java:430)
	at com.kms.katalon.core.main.TestCaseExecutor.doExecute(TestCaseExecutor.java:421)
	at com.kms.katalon.core.main.TestCaseExecutor.processExecutionPhase(TestCaseExecutor.java:400)
	at com.kms.katalon.core.main.TestCaseExecutor.accessMainPhase(TestCaseExecutor.java:392)
	at com.kms.katalon.core.main.TestCaseExecutor.execute(TestCaseExecutor.java:273)
	at com.kms.katalon.core.main.TestSuiteExecutor.accessTestCaseMainPhase(TestSuiteExecutor.java:202)
	at com.kms.katalon.core.main.TestSuiteExecutor.accessTestSuiteMainPhase(TestSuiteExecutor.java:164)
	at com.kms.katalon.core.main.TestSuiteExecutor.execute(TestSuiteExecutor.java:105)
	at com.kms.katalon.core.main.TestCaseMain.startTestSuite(TestCaseMain.java:185)
	at com.kms.katalon.core.main.TestCaseMain$startTestSuite$0.call(Unknown Source)
	at TempTestSuite1640129060085.run(TempTestSuite1640129060085.groovy:36)]]></system-err>
   </testsuite>
</testsuites>
